  Ball.cpp
F:\T163-Term5\Hooman-Engine\ogre-sdk-v2.1\OgreMain\Include\OgreAxisAlignedBox.h(66,25): warning C4251: 'Ogre::AxisAlignedBox::mMinimum': class 'Ogre::Vector<3,Ogre::Real>' needs to have dll-interface to be used by clients of class 'Ogre::AxisAlignedBox'
F:\T163-Term5\Hooman-Engine\ogre-sdk-v2.1\OgreMain\Include\OgrePrerequisites.h(254): message : see declaration of 'Ogre::Vector<3,Ogre::Real>'
F:\T163-Term5\Hooman-Engine\ogre-sdk-v2.1\OgreMain\Include\OgreAxisAlignedBox.h(67,25): warning C4251: 'Ogre::AxisAlignedBox::mMaximum': class 'Ogre::Vector<3,Ogre::Real>' needs to have dll-interface to be used by clients of class 'Ogre::AxisAlignedBox'
F:\T163-Term5\Hooman-Engine\ogre-sdk-v2.1\OgreMain\Include\OgrePrerequisites.h(254): message : see declaration of 'Ogre::Vector<3,Ogre::Real>'
F:\T163-Term5\Hooman-Engine\ogre-sdk-v2.1\OgreMain\Include\OgrePlane.h(65,23): warning C4251: 'Ogre::Plane::normal': class 'Ogre::Vector<3,Ogre::Real>' needs to have dll-interface to be used by clients of class 'Ogre::Plane'
F:\T163-Term5\Hooman-Engine\ogre-sdk-v2.1\OgreMain\Include\OgrePrerequisites.h(254): message : see declaration of 'Ogre::Vector<3,Ogre::Real>'
F:\T163-Term5\Hooman-Engine\ogre-sdk-v2.1\OgreMain\Include\OgreSphere.h(56,24): warning C4251: 'Ogre::Sphere::mCenter': class 'Ogre::Vector<3,Ogre::Real>' needs to have dll-interface to be used by clients of class 'Ogre::Sphere'
F:\T163-Term5\Hooman-Engine\ogre-sdk-v2.1\OgreMain\Include\OgrePrerequisites.h(254): message : see declaration of 'Ogre::Vector<3,Ogre::Real>'
F:\T163-Term5\Hooman-Engine\ogre-sdk-v2.1\OgreMain\Include\OgreBone.h(140,41): warning C4251: 'Ogre::Bone::mBindDerivedInverseScale': class 'Ogre::Vector<3,Ogre::Real>' needs to have dll-interface to be used by clients of class 'Ogre::Bone'
F:\T163-Term5\Hooman-Engine\ogre-sdk-v2.1\OgreMain\Include\OgrePrerequisites.h(254): message : see declaration of 'Ogre::Vector<3,Ogre::Real>'
F:\T163-Term5\Hooman-Engine\ogre-sdk-v2.1\OgreMain\Include\OgreBone.h(144,44): warning C4251: 'Ogre::Bone::mBindDerivedInversePosition': class 'Ogre::Vector<3,Ogre::Real>' needs to have dll-interface to be used by clients of class 'Ogre::Bone'
F:\T163-Term5\Hooman-Engine\ogre-sdk-v2.1\OgreMain\Include\OgrePrerequisites.h(254): message : see declaration of 'Ogre::Vector<3,Ogre::Real>'
F:\T163-Term5\Hooman-Engine\ogre-sdk-v2.1\OgreMain\Include\OgreRay.h(48,24): warning C4251: 'Ogre::Ray::mOrigin': class 'Ogre::Vector<3,Ogre::Real>' needs to have dll-interface to be used by clients of class 'Ogre::Ray'
F:\T163-Term5\Hooman-Engine\ogre-sdk-v2.1\OgreMain\Include\OgrePrerequisites.h(254): message : see declaration of 'Ogre::Vector<3,Ogre::Real>'
F:\T163-Term5\Hooman-Engine\ogre-sdk-v2.1\OgreMain\Include\OgreRay.h(49,27): warning C4251: 'Ogre::Ray::mDirection': class 'Ogre::Vector<3,Ogre::Real>' needs to have dll-interface to be used by clients of class 'Ogre::Ray'
F:\T163-Term5\Hooman-Engine\ogre-sdk-v2.1\OgreMain\Include\OgrePrerequisites.h(254): message : see declaration of 'Ogre::Vector<3,Ogre::Real>'
F:\T163-Term5\Hooman-Engine\ogre-sdk-v2.1\OgreMain\Include\OgreAutoParamDataSource.h(73,40): warning C4251: 'Ogre::AutoParamDataSource::mCameraPosition': class 'Ogre::Vector<4,Ogre::Real>' needs to have dll-interface to be used by clients of class 'Ogre::AutoParamDataSource'
F:\T163-Term5\Hooman-Engine\ogre-sdk-v2.1\OgreMain\Include\OgrePrerequisites.h(256): message : see declaration of 'Ogre::Vector<4,Ogre::Real>'
F:\T163-Term5\Hooman-Engine\ogre-sdk-v2.1\OgreMain\Include\OgreAutoParamDataSource.h(74,51): warning C4251: 'Ogre::AutoParamDataSource::mCameraPositionObjectSpace': class 'Ogre::Vector<4,Ogre::Real>' needs to have dll-interface to be used by clients of class 'Ogre::AutoParamDataSource'
F:\T163-Term5\Hooman-Engine\ogre-sdk-v2.1\OgreMain\Include\OgrePrerequisites.h(256): message : see declaration of 'Ogre::Vector<4,Ogre::Real>'
F:\T163-Term5\Hooman-Engine\ogre-sdk-v2.1\OgreMain\Include\OgreAutoParamDataSource.h(79,76): warning C4251: 'Ogre::AutoParamDataSource::mShadowCamDepthRanges': class 'Ogre::Vector<4,Ogre::Real>' needs to have dll-interface to be used by clients of class 'Ogre::AutoParamDataSource'
F:\T163-Term5\Hooman-Engine\ogre-sdk-v2.1\OgreMain\Include\OgrePrerequisites.h(256): message : see declaration of 'Ogre::Vector<4,Ogre::Real>'
F:\T163-Term5\Hooman-Engine\ogre-sdk-v2.1\OgreMain\Include\OgreAutoParamDataSource.h(84,43): warning C4251: 'Ogre::AutoParamDataSource::mLodCameraPosition': class 'Ogre::Vector<4,Ogre::Real>' needs to have dll-interface to be used by clients of class 'Ogre::AutoParamDataSource'
F:\T163-Term5\Hooman-Engine\ogre-sdk-v2.1\OgreMain\Include\OgrePrerequisites.h(256): message : see declaration of 'Ogre::Vector<4,Ogre::Real>'
F:\T163-Term5\Hooman-Engine\ogre-sdk-v2.1\OgreMain\Include\OgreAutoParamDataSource.h(85,54): warning C4251: 'Ogre::AutoParamDataSource::mLodCameraPositionObjectSpace': class 'Ogre::Vector<4,Ogre::Real>' needs to have dll-interface to be used by clients of class 'Ogre::AutoParamDataSource'
F:\T163-Term5\Hooman-Engine\ogre-sdk-v2.1\OgreMain\Include\OgrePrerequisites.h(256): message : see declaration of 'Ogre::Vector<4,Ogre::Real>'
F:\T163-Term5\Hooman-Engine\ogre-sdk-v2.1\OgreMain\Include\OgreAutoParamDataSource.h(107,27): warning C4251: 'Ogre::AutoParamDataSource::mFogParams': class 'Ogre::Vector<4,Ogre::Real>' needs to have dll-interface to be used by clients of class 'Ogre::AutoParamDataSource'
F:\T163-Term5\Hooman-Engine\ogre-sdk-v2.1\OgreMain\Include\OgrePrerequisites.h(256): message : see declaration of 'Ogre::Vector<4,Ogre::Real>'
F:\T163-Term5\Hooman-Engine\ogre-sdk-v2.1\OgreMain\Include\OgreAutoParamDataSource.h(108,30): warning C4251: 'Ogre::AutoParamDataSource::mPointParams': class 'Ogre::Vector<4,Ogre::Real>' needs to have dll-interface to be used by clients of class 'Ogre::AutoParamDataSource'
F:\T163-Term5\Hooman-Engine\ogre-sdk-v2.1\OgreMain\Include\OgrePrerequisites.h(256): message : see declaration of 'Ogre::Vector<4,Ogre::Real>'
F:\T163-Term5\Hooman-Engine\ogre-sdk-v2.1\OgreMain\Include\OgreAutoParamDataSource.h(110,41): warning C4251: 'Ogre::AutoParamDataSource::mSceneDepthRange': class 'Ogre::Vector<4,Ogre::Real>' needs to have dll-interface to be used by clients of class 'Ogre::AutoParamDataSource'
F:\T163-Term5\Hooman-Engine\ogre-sdk-v2.1\OgreMain\Include\OgrePrerequisites.h(256): message : see declaration of 'Ogre::Vector<4,Ogre::Real>'
F:\T163-Term5\Hooman-Engine\ogre-sdk-v2.1\OgreMain\Include\OgreAutoParamDataSource.h(118,40): warning C4251: 'Ogre::AutoParamDataSource::mCameraRelativePosition': class 'Ogre::Vector<3,Ogre::Real>' needs to have dll-interface to be used by clients of class 'Ogre::AutoParamDataSource'
F:\T163-Term5\Hooman-Engine\ogre-sdk-v2.1\OgreMain\Include\OgrePrerequisites.h(254): message : see declaration of 'Ogre::Vector<3,Ogre::Real>'
F:\T163-Term5\Hooman-Engine\ogre-sdk-v2.1\OgreMain\Include\OgreTextureManager.h(436,35): warning C4251: 'Ogre::TextureManager::mWarningTexture': class 'Ogre::SharedPtr<Ogre::Texture>' needs to have dll-interface to be used by clients of class 'Ogre::TextureManager'
F:\T163-Term5\Hooman-Engine\ogre-sdk-v2.1\OgreMain\Include\OgrePrerequisites.h(303): message : see declaration of 'Ogre::SharedPtr<Ogre::Texture>'
F:\T163-Term5\Hooman-Engine\ogre-sdk-v2.1\OgreMain\Include\OgreTextureManager.h(437,35): warning C4251: 'Ogre::TextureManager::mDefaultSampler': class 'std::shared_ptr<Ogre::Sampler>' needs to have dll-interface to be used by clients of class 'Ogre::TextureManager'
F:\T163-Term5\Hooman-Engine\ogre-sdk-v2.1\OgreMain\Include\OgreTextureUnitState.h(222): message : see declaration of 'std::shared_ptr<Ogre::Sampler>'
F:\T163-Term5\Hooman-Engine\ogre-sdk-v2.1\OgreMain\Include\OgreTextureManager.h(438,52): warning C4251: 'Ogre::TextureManager::mNamedSamplers': class 'std::map<Ogre::String,Ogre::SamplerPtr,std::less<Ogre::String>,std::allocator<std::pair<const Ogre::String,Ogre::SamplerPtr>>>' needs to have dll-interface to be used by clients of class 'Ogre::TextureManager'
F:\T163-Term5\Hooman-Engine\ogre-sdk-v2.1\OgreMain\Include\OgreTextureManager.h(438): message : see declaration of 'std::map<Ogre::String,Ogre::SamplerPtr,std::less<Ogre::String>,std::allocator<std::pair<const Ogre::String,Ogre::SamplerPtr>>>'
F:\T163-Term5\Hooman-Engine\ogre-sdk-v2.1\OgreMain\Include\OgreTimer.h(41,52): warning C4251: 'Ogre::Timer::start': class 'std::chrono::time_point<std::chrono::steady_clock,std::chrono::nanoseconds>' needs to have dll-interface to be used by clients of class 'Ogre::Timer'
C:\Program Files (x86)\Microsoft Visual Studio\2019\Community\VC\Tools\MSVC\14.28.29333\include\chrono(603): message : see declaration of 'std::chrono::time_point<std::chrono::steady_clock,std::chrono::nanoseconds>'
F:\T163-Term5\Hooman-Engine\2DPongOgre_Assignment1\Ball.cpp(68,21): warning C4305: '-=': truncation from 'double' to 'float'
  OrgreTemplateV2.vcxproj -> F:\T163-Term5\Hooman-Engine\2DPongOgre_Assignment1\OrgreTemplateV2\x64\Debug\OrgreTemplateV2.exe
